m29 http://folha.uol.com.br/jth/ lxr.exe
m29 lxr.exe e.exe
m29 e.exe udu.exe
m23 http://io9.com/pg/ g.exe
m23 g.exe ez.exe
m23 g.exe http://bp.blogspot.com/jdga/
m20 http://github.com/lkym/ g.exe
m20 g.exe g.exe
m20 g.exe http://oracle.com/ea/
m20 g.exe oj.exe
m20 g.exe sfj.exe
m20 oj.exe http://samsung.com/jlfu/cmn/
m20 g.exe eoka.exe
m20 eoka.exe ooi.exe
m20 eoka.exe http://kompas.com/kc/z/
m20 g.exe qfj.exe
m20 g.exe http://google.de/c/
m33 http://exoclick.com/omxd/jaw/ lb.exe
m33 lb.exe npr.exe
m33 lb.exe http://wordpress.org/xpxu/
m33 lb.exe er.exe
m33 er.exe aaj.exe
m33 aaj.exe bo.exe
m42 http://totult.com/muq/nz/iwpi/lbb/ imbc.exe
m39 http://issuu.com/a/ qses.exe
m39 qses.exe rbmq.exe
m39 rbmq.exe lvsd.exe
m39 rbmq.exe http://xe.com/s/horl/
m39 rbmq.exe uw.exe
m18 http://quikr.com/pw/ h.exe
m8 http://tabelog.com/qx/mty/ l.exe
m26 http://google.co.nz/xw/d/ rm.exe
m26 rm.exe qyp.exe
m26 rm.exe http://w3schools.com/gix/ix/
m26 rm.exe dc.exe
m26 rm.exe lvph.exe
m26 rm.exe http://kinogo.co/r/
m26 rm.exe s.exe
m26 s.exe http://youth.cn/kh/e/
m26 qyp.exe htzm.exe
m26 lvph.exe lr.exe
m26 lvph.exe qluq.exe
m26 dc.exe bxj.exe
m10 http://files.wordpress.com/aj/bs/ b.exe
m10 b.exe bz.exe
m10 bz.exe http://shareasale.com/zs/
m10 b.exe tal.exe
m42 http://samsung.com/tzi/je/ tza.exe
m42 tza.exe m.exe
m42 m.exe http://histats.com/zftr/
m42 m.exe n.exe
m42 tza.exe http://mobtimizer.com/sn/nrzs/n/
m42 tza.exe y.exe
m42 n.exe http://fedex.com/ffdk/wfoo/uw/
m18 http://subscene.com/vkwj/brmu/g/ e.exe
m18 e.exe h.exe
m18 h.exe http://adidas.tmall.com/ecsx/isj/
m44 http://office.com/av/c/ ad.exe
m44 ad.exe saec.exe
m44 saec.exe http://comcast.net/ljdt/s/
m44 saec.exe mbqo.exe
m44 mbqo.exe http://ebay.co.uk/mpm/
m44 ad.exe hjxt.exe
m44 saec.exe tlri.exe
m18 http://youradexchange.com/q/ eaf.exe
m18 eaf.exe pe.exe
m18 pe.exe http://windows.com/ns/zc/
m18 pe.exe ldpf.exe
m10 bittorrent.exe v.exe
m31 http://leagueoflegends.com/ff/ nakk.exe
m31 nakk.exe qac.exe
m5 windowsupdate.exe ynrh.exe
m5 ynrh.exe ivn.exe
m5 ivn.exe kx.exe
m5 kx.exe v.exe
m21 http://elance.com/ib/ mqx.exe
m21 mqx.exe llls.exe
m21 llls.exe t.exe
m21 mqx.exe q.exe
m28 http://thefreedictionary.com/exz/ja/ v.exe
m28 v.exe uyge.exe
m28 v.exe p.exe
m28 v.exe pxxn.exe
m28 v.exe jn.exe
m28 pxxn.exe n.exe
m28 uyge.exe http://google.be/uusn/dtq/eu/iksr/fqv/
m28 uyge.exe ni.exe
m28 uyge.exe http://geocities.jp/od/
m28 n.exe x.exe
m28 pxxn.exe http://appspot.com/lrd/trdv/
m28 ni.exe px.exe
m34 http://superuser.com/v/r/ f.exe
m34 f.exe uum.exe
m34 f.exe http://hm.com/r/uy/jy/eear/
m34 f.exe axoe.exe
m34 uum.exe http://netflix.com/d/
m34 f.exe k.exe
m34 axoe.exe http://telegraph.co.uk/n/
m26 http://bluehost.com/qezt/h/ wdq.exe
m26 wdq.exe xk.exe
m26 xk.exe http://usatoday.com/czwp/fiif/
m26 wdq.exe oj.exe
m26 oj.exe http://appledaily.com.tw/ld/
m26 wdq.exe hnl.exe
m7 http://newegg.com/fzu/dukh/ yie.exe
m7 yie.exe gh.exe
m7 yie.exe oikp.exe
m7 gh.exe http://eksisozluk.com/hf/nrv/l/
m7 oikp.exe cvvo.exe
m6 http://googleusercontent.com/r/ nvlw.exe
m3 firefox.exe ut.exe
m24 http://doublepimp.com/t/qkkq/djmg/p/kuy/xau/ v.exe
m24 v.exe bw.exe
m24 bw.exe http://asos.com/g/
m45 http://google.com/esm/ tsgi.exe
m45 tsgi.exe g.exe
m45 tsgi.exe http://stackoverflow.com/qa/qauz/kpe/
m41 http://slack.com/d/ppu/qnt/ dw.exe
m41 dw.exe njop.exe
m41 njop.exe http://snapdeal.com/yr/
m41 njop.exe uve.exe
m41 dw.exe hpe.exe
m41 njop.exe t.exe
m13 http://thepiratebay.la/svxi/ oyc.exe
m13 oyc.exe mzr.exe
m13 oyc.exe qrjh.exe
m13 oyc.exe http://steamcommunity.com/nbqw/kapa/ghau/
m13 qrjh.exe t.exe
m13 qrjh.exe f.exe
m13 qrjh.exe hvak.exe
m13 oyc.exe loid.exe
m13 f.exe wh.exe
m13 t.exe http://zhihu.com/jlr/chpi/
m13 t.exe sgha.exe
m45 http://google.com.vn/a/y/yp/mgae/x/mhfd/ ntkk.exe
m45 ntkk.exe aa.exe
m45 aa.exe zjqj.exe
m45 ntkk.exe http://patch.com/oxp/
m45 zjqj.exe eq.exe
m14 http://wetransfer.com/cw/ qm.exe
m16 http://adobe.com/hn/sob/ xvn.exe
m22 http://taboola.com/aby/iz/ aml.exe
m22 aml.exe oih.exe
m22 aml.exe kb.exe
m22 oih.exe lv.exe
m18 http://youtube-mp3.org/nrg/df/ vdb.exe
m18 vdb.exe y.exe
m18 vdb.exe ycp.exe
m18 vdb.exe eu.exe
m18 ycp.exe http://google.sk/vqj/
m18 y.exe o.exe
m18 ycp.exe http://bing.com/hxoj/
m32 http://php.net/kpdq/ dqra.exe
m34 http://goo.ne.jp/kcsd/ idl.exe
m34 idl.exe b.exe
m34 idl.exe gbc.exe
m34 gbc.exe ikud.exe
m34 b.exe k.exe
m34 ikud.exe http://surveymonkey.com/tetp/lvk/x/onux/
m0 http://sfgate.com/e/smr/ t.exe
m0 t.exe iw.exe
m0 iw.exe http://amazonaws.com/lb/
m0 iw.exe ud.exe
m42 http://digikala.com/kq/ ig.exe
m11 http://suning.com/bqdo/nfx/ i.exe
m11 i.exe mv.exe
m11 mv.exe j.exe
m11 mv.exe http://google.com.eg/bkf/t/rw/ia/uv/smr/
m11 j.exe pija.exe
m11 j.exe kmw.exe
m39 http://kijiji.ca/m/ xuj.exe
m39 xuj.exe vs.exe
m39 vs.exe nfe.exe
m39 xuj.exe phs.exe
m39 nfe.exe k.exe
m39 k.exe adcj.exe
m39 phs.exe http://entrepreneur.com/n/
m39 vs.exe orie.exe
m39 vs.exe http://nordstrom.com/h/aavg/
m39 xuj.exe cz.exe
m39 vs.exe cknn.exe
m20 http://makemytrip.com/a/cju/ q.exe
m45 http://usmagazine.com/jczv/ vuu.exe
m45 vuu.exe akkc.exe
m33 http://blogspot.jp/lz/ a.exe
m40 http://2ch.net/z/ ybr.exe
m40 ybr.exe xnqh.exe
m40 xnqh.exe g.exe
m40 xnqh.exe a.exe
m40 g.exe ndyr.exe
m19 http://homedepot.com/lum/ esoi.exe
m19 esoi.exe a.exe
m19 esoi.exe http://walmart.com/qbdy/
m19 esoi.exe vrj.exe
m19 a.exe taq.exe
m28 http://tomshardware.com/hx/ r.exe
m28 r.exe p.exe
m28 p.exe otk.exe
m28 otk.exe http://google.co.ve/z/ynsi/uglg/
m28 p.exe wgut.exe
m20 http://jin115.com/ue/g/ mpg.exe
m20 mpg.exe l.exe
m20 mpg.exe covt.exe
m20 l.exe qfb.exe
m20 l.exe http://trello.com/x/
m21 http://wetransfer.com/jlh/ sx.exe
m21 sx.exe k.exe
m21 sx.exe http://donga.com/wqjq/mkem/
m21 k.exe se.exe
m21 se.exe http://statsmobi.com/q/wkg/grx/cfn/
m2 http://nametests.com/sd/ qpf.exe
m2 qpf.exe xk.exe
m2 qpf.exe http://cityadspix.com/tf/
m5 http://varzesh3.com/xsxz/eyg/a/bnh/yq/ m.exe
m5 m.exe dfqb.exe
m5 m.exe http://pcmag.com/wcu/
m32 http://tmall.com/o/c/ b.exe
m32 b.exe o.exe
m7 http://disqus.com/adqf/ p.exe
m7 p.exe jt.exe
m7 p.exe ku.exe
m7 jt.exe http://iflscience.com/kkyj/
m22 http://youth.cn/obt/o/eu/urgy/xax/ iso.exe
m22 iso.exe msht.exe
m13 http://bukalapak.com/up/ lx.exe
m13 lx.exe k.exe
m13 k.exe lfnw.exe
m13 k.exe l.exe
m13 lfnw.exe http://bhphotovideo.com/yy/
m13 k.exe g.exe
m13 lx.exe http://agoda.com/umf/e/
m13 l.exe o.exe
m13 lx.exe tbni.exe
m13 lx.exe http://wix.com/fa/
m32 http://hclips.com/dgk/ szw.exe
m32 szw.exe rg.exe
m32 szw.exe lkff.exe
m32 lkff.exe lj.exe
m32 lj.exe http://xywy.com/s/ymrn/
m32 lkff.exe u.exe
m32 lj.exe http://pagesjaunes.fr/qew/frl/
m20 http://onclickads.net/poqy/hmur/dpy/ vfc.exe
m20 vfc.exe myak.exe
m20 myak.exe http://douban.com/ptgb/qzbt/
m20 vfc.exe njk.exe
m20 vfc.exe http://twoo.com/ni/
m30 http://iqiyi.com/zjff/ xa.exe
m30 xa.exe fau.exe
m30 fau.exe ray.exe
m30 fau.exe http://click4stat.com/jc/w/
m30 fau.exe dxie.exe
m4 http://leboncoin.fr/aq/ hc.exe
m4 hc.exe ho.exe
m4 hc.exe uq.exe
m4 uq.exe http://safetracking.net/ys/
m29 http://ebay.fr/s/ enx.exe
m29 enx.exe an.exe
m29 an.exe uo.exe
m29 enx.exe http://tomshardware.com/dqip/gp/
m29 an.exe u.exe
m23 http://quikr.com/ifuo/ by.exe
m23 by.exe ij.exe
m23 ij.exe n.exe
m28 http://google.by/tsb/ ovb.exe
m28 ovb.exe xar.exe
m28 ovb.exe c.exe
m28 xar.exe http://lowes.com/clkw/iwo/
m28 xar.exe r.exe
m28 r.exe http://match.com/nnf/vofl/by/
m26 http://subito.it/js/fxbg/ uh.exe
m26 uh.exe mv.exe
m26 uh.exe http://qklnk.co/dfz/ibmf/l/
m26 uh.exe zgrw.exe
m26 uh.exe gi.exe
m26 uh.exe http://amazon.fr/l/
m26 mv.exe o.exe
m26 uh.exe http://sberbank.ru/x/
m45 http://amazonaws.com/ar/mqg/pnva/ zsyk.exe
m45 zsyk.exe hd.exe
m45 hd.exe buqk.exe
m45 hd.exe vie.exe
m45 buqk.exe http://baidu.com/obay/yds/
m45 vie.exe ho.exe
m45 hd.exe http://gmail.com/r/
m45 ho.exe m.exe
m45 zsyk.exe qp.exe
m45 m.exe jhm.exe
m45 m.exe http://connect5364.com/ur/es/h/
m45 hd.exe il.exe
m34 http://marktplaats.nl/d/ rj.exe
m34 rj.exe lj.exe
m34 lj.exe http://twoo.com/szzj/
m34 lj.exe sr.exe
m34 lj.exe http://io9.com/p/o/
m34 rj.exe oz.exe
m34 rj.exe http://elmundo.es/qxt/
m34 sr.exe orh.exe
m34 rj.exe http://clien.net/k/
m41 http://jqw.com/opwo/ fbe.exe
m41 fbe.exe p.exe
m41 p.exe http://themeforest.net/in/
m11 http://eksisozluk.com/idw/ e.exe
m11 e.exe cns.exe
m11 e.exe http://smzdm.com/zaim/
m3 http://hespress.com/am/jk/rt/qlt/ boog.exe
m3 boog.exe ob.exe
m3 boog.exe orqc.exe
m3 orqc.exe http://usps.com/fjm/an/
m45 http://reimageplus.com/iva/ ythp.exe
m45 ythp.exe lhx.exe
m27 http://thehindu.com/gc/ g.exe
m27 g.exe mbxq.exe
m27 mbxq.exe i.exe
m27 mbxq.exe http://donga.com/zdc/
m27 mbxq.exe f.exe
m27 g.exe http://nikkeibp.co.jp/qzp/y/
m1 http://google.co.kr/hjxo/ eak.exe
m1 eak.exe bvg.exe
m1 eak.exe http://cpasbien.pw/cul/
m1 bvg.exe tay.exe
m1 tay.exe nhfl.exe
m23 http://indiatimes.com/brag/ct/ oxtq.exe
m23 oxtq.exe jhm.exe
m23 jhm.exe k.exe
m23 jhm.exe http://google.cz/h/
m23 jhm.exe s.exe
m23 oxtq.exe http://pof.com/hll/
m23 k.exe nf.exe
m23 s.exe mo.exe
m23 jhm.exe ao.exe
m23 nf.exe http://chaturbate.com/pp/
m27 http://carview.co.jp/e/ jwi.exe
m27 jwi.exe rb.exe
m27 rb.exe http://asus.com/fjw/
m27 jwi.exe yosw.exe
m15 http://teepr.com/kw/jwpp/ smu.exe
m1 http://www.foo.com/bar qqqqqa.exe
m15 smu.exe dt.exe
m15 smu.exe dx.exe
m15 smu.exe o.exe
m15 smu.exe http://eyny.com/y/
m4 http://nordstrom.com/h/ ysqk.exe
m4 ysqk.exe k.exe
m4 k.exe i.exe
m4 k.exe http://amazon.co.uk/o/
m4 i.exe h.exe
m4 i.exe quz.exe
m4 quz.exe http://k618.cn/nx/
m6 http://ups.com/bb/ prny.exe
m6 prny.exe k.exe
m27 http://11st.co.kr/ndw/ oui.exe
m27 oui.exe t.exe
m27 t.exe http://xnxx.com/e/b/dm/
m27 oui.exe s.exe
m27 s.exe http://yahoo.co.jp/mc/
m27 oui.exe grl.exe
m27 oui.exe http://livedoor.jp/hv/xotc/x/j/b/
m27 grl.exe oyqs.exe
m27 grl.exe http://food.com/j/
m9 http://imdb.com/rfpa/jcr/iz/lifx/ pl.exe
m9 pl.exe hre.exe
m9 pl.exe http://ask.com/a/
m7 http://dailymotion.com/iim/ b.exe
m24 http://iqiyi.com/tt/ hh.exe
m24 hh.exe sj.exe
m38 http://google.com.pk/c/f/ q.exe
m38 q.exe ny.exe
m3 http://westernjournalism.com/edxq/ izk.exe
m3 izk.exe kcjc.exe
m3 izk.exe http://naukri.com/an/ulif/
m3 kcjc.exe xo.exe
m3 izk.exe ua.exe
m3 kcjc.exe http://alfalfalfa.com/w/
m3 xo.exe h.exe
m3 izk.exe ocfr.exe
m3 ua.exe http://google.ru/cz/
m3 xo.exe dpv.exe
m8 http://safetracking.net/bkvm/ y.exe
m8 y.exe ndih.exe
m8 y.exe http://apple.com/hk/f/jhfq/
m20 http://elpais.com/owx/ hal.exe
m20 hal.exe byvt.exe
m20 hal.exe http://rakuten.co.jp/b/
m20 hal.exe xu.exe
m28 http://nike.com/uo/sxbw/y/q/ m.exe
m28 m.exe n.exe
m28 n.exe ou.exe
m28 ou.exe http://twimg.com/a/
m28 m.exe grd.exe
m4 http://flirchi.com/k/l/ atl.exe
m4 atl.exe gtcc.exe
m4 gtcc.exe http://xbox.com/a/zq/
m4 atl.exe oubk.exe
m4 atl.exe y.exe
m4 oubk.exe http://google.be/kcw/
m4 gtcc.exe iyh.exe
m4 oubk.exe http://hilton.com/fo/cd/
m8 http://google.com.ua/zc/e/ xqkc.exe
m8 xqkc.exe qfow.exe
m8 xqkc.exe ytvk.exe
m8 xqkc.exe http://cnzz.com/sy/
m8 qfow.exe zqm.exe
m8 zqm.exe http://ero-video.net/x/
m25 http://aparat.com/urnx/ gjs.exe
m25 gjs.exe bil.exe
m25 bil.exe am.exe
m25 am.exe v.exe
m25 bil.exe kq.exe
m25 v.exe http://soku.com/nj/
m40 http://kakaku.com/kr/rv/ jx.exe
m40 jx.exe m.exe
m40 m.exe tjl.exe
m11 http://1905.com/en/bd/ zh.exe
m21 http://xfinity.com/gz/ h.exe
m21 h.exe nquc.exe
m21 nquc.exe pk.exe
m21 pk.exe http://fedex.com/bdnz/xymn/
m21 pk.exe i.exe
m21 h.exe v.exe
m21 nquc.exe http://live.com/y/
m29 http://gutefrage.net/pitf/rt/oczx/ k.exe
m29 k.exe punm.exe
m29 punm.exe ksx.exe
m23 http://google.sk/ytnj/yb/ qh.exe
m23 qh.exe of.exe
m18 http://speedtest.net/fy/ fm.exe
m18 fm.exe ooub.exe
m18 ooub.exe http://youth.cn/u/f/
m18 fm.exe uvdl.exe
m18 ooub.exe shpe.exe
m32 http://google.de/s/klzh/aho/glbw/ he.exe
m32 he.exe t.exe
m32 he.exe http://blomaga.jp/qii/qksk/lmyd/
m32 t.exe vu.exe
m13 http://youth.cn/jfjo/ zkid.exe
m13 zkid.exe ww.exe
m13 ww.exe http://pconline.com.cn/tg/
m13 ww.exe cg.exe
m13 cg.exe http://pcpop.com/hqq/re/cgj/jixd/
m9 http://t-mobile.com/u/ ib.exe
m9 ib.exe tqiv.exe
m9 tqiv.exe http://nikkei.com/yswq/zrtp/
m9 ib.exe ugpl.exe
m9 ib.exe o.exe
m9 tqiv.exe http://17ok.com/oev/aovy/ui/
m41 http://icicibank.com/whxy/usmk/z/ pz.exe
m41 pz.exe pj.exe
m41 pz.exe q.exe
m0 http://blogfa.com/iw/tdr/ lsmw.exe
m0 lsmw.exe bfar.exe
m0 lsmw.exe http://pconline.com.cn/fs/
m0 lsmw.exe q.exe
m0 bfar.exe l.exe
m0 q.exe v.exe
m45 http://trulia.com/gtbg/ qzzb.exe
m45 qzzb.exe zcr.exe
m45 qzzb.exe vg.exe
m45 vg.exe n.exe
m30 http://bbc.com/sou/dv/ v.exe
m30 v.exe qpll.exe
m30 qpll.exe http://seznam.cz/qy/
m30 v.exe dms.exe
m1 http://beeg.com/qc/ tga.exe
m1 tga.exe fz.exe
m1 tga.exe http://mystart.com/g/
m14 http://monster.com/r/ t.exe
m14 t.exe p.exe
m14 t.exe http://zillow.com/ph/
m14 t.exe skqg.exe
m14 skqg.exe http://baike.com/ary/qgcx/mme/p/
m27 http://google.cl/klek/j/ x.exe
m27 x.exe s.exe
m27 s.exe arb.exe
m27 s.exe http://weebly.com/bt/
m27 s.exe zfv.exe
m47 http://carview.co.jp/fo/ p.exe
m47 p.exe rfm.exe
m47 rfm.exe yr.exe
m47 p.exe http://gamespot.com/h/
m47 p.exe oh.exe
m47 oh.exe kcb.exe
m47 kcb.exe http://yaolan.com/rr/k/
m6 http://itmedia.co.jp/vc/ pbf.exe
m6 pbf.exe bwgc.exe
m30 http://webex.com/qfk/ lfr.exe
m30 lfr.exe eza.exe
m30 lfr.exe http://loading-delivery1.com/p/guf/po/
m30 eza.exe dae.exe
m30 lfr.exe http://alipay.com/wp/
m41 http://freepik.com/lipo/klj/fx/y/l/ su.exe
m41 su.exe gw.exe
m41 gw.exe nhn.exe
m41 nhn.exe http://amazon.com/ej/
m42 http://gyazo.com/cha/xfr/p/ krfw.exe
m42 krfw.exe np.exe
m42 krfw.exe uvr.exe
m42 uvr.exe http://vk.com/nps/gd/t/
m42 krfw.exe n.exe
m42 np.exe http://yandex.com.tr/kl/
m42 n.exe mvrb.exe
m42 uvr.exe http://nih.gov/cg/qdw/
m35 http://reddit.com/p/ sb.exe
m8 http://wikihow.com/q/ zpfl.exe
m8 zpfl.exe rzf.exe
m8 zpfl.exe qi.exe
m8 rzf.exe w.exe
m8 zpfl.exe http://cnzz.com/d/mcc/
m20 http://caijing.com.cn/g/ pr.exe
m20 pr.exe a.exe
m20 a.exe http://auction.co.kr/pqfe/
m20 a.exe v.exe
m20 v.exe g.exe
m20 g.exe o.exe
m40 http://tumblr.com/ovb/ meo.exe
m40 meo.exe iac.exe
m40 iac.exe u.exe
m40 meo.exe http://bestadbid.com/ef/
m40 u.exe sge.exe
m40 u.exe v.exe
m40 meo.exe http://rednet.cn/bvu/
m40 sge.exe wz.exe
m40 v.exe fq.exe
m40 iac.exe http://adidas.tmall.com/dwhk/htxf/s/
m40 sge.exe v.exe
m40 wz.exe z.exe
m15 http://totult.com/x/ ipp.exe
m15 ipp.exe qlx.exe
m15 ipp.exe pco.exe
m15 qlx.exe rs.exe
m15 qlx.exe http://icicibank.com/lukd/d/
m15 ipp.exe ep.exe
m1 qqqqqa.exe qqqqqb.exe
m39 http://t-mobile.com/kih/ q.exe
m39 q.exe bvwy.exe
m39 q.exe lzqr.exe
m39 bvwy.exe eh.exe
m39 bvwy.exe http://elmundo.es/ugno/ek/j/
m27 http://jd.com/mu/ ys.exe
m27 ys.exe su.exe
m39 http://researchgate.net/api/kcs/ otuo.exe
m39 otuo.exe qtd.exe
m39 qtd.exe jna.exe
m39 qtd.exe http://xuite.net/scry/
m42 http://ppomppu.co.kr/alm/kz/ r.exe
m48 http://32d1d3b9c.se/eeh/ t.exe
m48 t.exe znav.exe
m48 znav.exe kthw.exe
m48 kthw.exe http://office.com/cu/v/
m48 znav.exe vvrm.exe
m48 vvrm.exe xyp.exe
m48 kthw.exe http://smzdm.com/n/n/zdft/di/mnts/
m0 http://microsoft.com/asdv/sxrw/ rglk.exe
m0 rglk.exe jfma.exe
m0 rglk.exe http://answers.com/fk/z/
m0 rglk.exe frc.exe
m0 rglk.exe geh.exe
m1 qqqqqb.exe qqqqqc.exe
m0 geh.exe n.exe
m0 rglk.exe http://ca.gov/xvuu/wp/
m43 http://myway.com/s/ sgwq.exe
m43 sgwq.exe hd.exe
m18 http://google.at/z/z/ juiy.exe
m18 juiy.exe asv.exe
m18 juiy.exe fid.exe
m18 fid.exe yu.exe
m18 fid.exe http://google.cl/fv/
m29 http://ew.com/blv/lfl/ bfop.exe
m29 bfop.exe ldw.exe
m29 ldw.exe http://adidas.tmall.com/kof/
m13 http://statcounter.com/y/ piv.exe
m2 http://kakaku.com/scq/puj/ h.exe
m2 h.exe ha.exe
m2 h.exe http://youdao.com/hu/
m2 h.exe nts.exe
m2 nts.exe t.exe
m2 t.exe ro.exe
m21 http://mercadolibre.com.ar/cq/di/ kxce.exe
m21 kxce.exe tc.exe
m21 tc.exe xk.exe
m21 tc.exe fnz.exe
m21 tc.exe http://southwest.com/txk/
m21 kxce.exe kpmh.exe
m21 tc.exe http://foxnews.com/xmnh/ycyq/
m1 http://getpocket.com/ze/ kbnh.exe
m1 kbnh.exe i.exe
m1 i.exe rz.exe
m1 rz.exe iqck.exe
m49 http://pinterest.com/zf/ inbr.exe
m49 inbr.exe df.exe
m49 df.exe zhhw.exe
m49 df.exe http://xnxx.com/mml/xqdu/k/ib/jgo/
m49 inbr.exe pm.exe
m49 df.exe http://io9.com/jp/
m29 http://abril.com.br/buk/ j.exe
m29 j.exe ky.exe
m29 j.exe http://allrecipes.com/wfmp/a/
m29 ky.exe q.exe
m29 ky.exe http://kinogo.co/rr/
m29 q.exe rxu.exe
m1 qqqqqb.exe http://www.bar.com/bletch
m15 http://hclips.com/lbwz/ eb.exe
m15 eb.exe qiqf.exe
m15 eb.exe http://onlylady.com/u/
m15 eb.exe nc.exe
m15 qiqf.exe http://playstation.com/n/
m33 http://adp.com/rrl/n/atm/ p.exe
m33 p.exe p.exe
m33 p.exe s.exe
m33 s.exe a.exe
m33 a.exe oyo.exe
m33 p.exe http://expedia.com/e/ae/
m22 http://newegg.com/dn/ s.exe
m22 s.exe fm.exe
m22 fm.exe http://google.hr/v/firb/
m22 fm.exe y.exe
m22 y.exe http://detail.tmall.com/f/
m22 y.exe ho.exe
m22 ho.exe fnd.exe
m22 fnd.exe http://kinopoisk.ru/iw/
m23 http://livedoor.biz/py/aeqx/l/ qb.exe
m23 qb.exe oep.exe
m23 oep.exe ct.exe
m23 qb.exe rnf.exe
m23 oep.exe http://ameba.jp/m/xev/
m26 http://2chblog.jp/wi/zijm/gok/ g.exe
m26 g.exe si.exe
m26 g.exe xx.exe
m26 xx.exe http://quora.com/dwd/
m26 si.exe hpxc.exe
m0 http://gutefrage.net/u/gx/yzdp/ fqhi.exe
m0 fqhi.exe xzkv.exe
m2 qqqqqd.exe http://www.bar.com/bletch
m2 http://stamplive.com/cws/wzc/ecsm/ sdl.exe
m2 sdl.exe ll.exe
m2 ll.exe lr.exe
m2 ll.exe http://mercadolibre.com.ve/ax/nb/
m2 ll.exe acyk.exe
m9 http://livestrong.com/dzd/tsqa/ spgr.exe
m10 http://linkedin.com/ayua/ biy.exe
m10 biy.exe qh.exe
m10 biy.exe http://google.com/xzl/
m10 qh.exe vpn.exe
m10 vpn.exe qi.exe
m10 biy.exe http://impress.co.jp/cbe/cuv/
m10 qh.exe xhk.exe
m10 qh.exe xknn.exe
m10 qi.exe http://youth.cn/t/
m10 xknn.exe qs.exe
m10 qh.exe http://flickr.com/vru/wxg/xsey/ekzr/ei/qcwc/
m1 http://europa.eu/geka/cf/ jm.exe
m18 http://slickdeals.net/muh/ymza/ q.exe
m15 http://blogspot.de/wed/ sgkl.exe
m15 sgkl.exe gv.exe
m15 gv.exe http://infusionsoft.com/tel/
m15 sgkl.exe srfu.exe
m15 gv.exe sv.exe
m15 sgkl.exe http://offpageads.com/c/
m14 http://google.ae/ciad/ mh.exe
m19 http://ilividnewtab.com/vql/ ucaj.exe
m30 http://hdfcbank.com/br/voh/ nbkt.exe
m30 nbkt.exe lqp.exe
m30 nbkt.exe http://apple.com/gnu/
m30 nbkt.exe jsda.exe
m30 jsda.exe http://google.sk/pca/s/
m30 lqp.exe q.exe
m24 http://csdn.net/g/ xz.exe
m24 xz.exe rv.exe
m24 rv.exe http://kohls.com/sw/
m24 rv.exe bsj.exe
m24 rv.exe yty.exe
m24 xz.exe lg.exe
m24 xz.exe http://google.com.kw/kxmg/
m5 http://elwatannews.com/ldyx/lk/ do.exe
m5 do.exe ylw.exe
m5 ylw.exe dbld.exe
m5 dbld.exe http://21cn.com/vcif/o/
m43 http://dailymotion.com/kzg/ o.exe
m15 http://auction.co.kr/eimc/g/ j.exe
m15 j.exe e.exe
m15 j.exe http://glassdoor.com/h/
m36 http://usmagazine.com/mg/tb/ fbux.exe
m36 fbux.exe ju.exe
m27 http://liveinternet.ru/br/pe/ j.exe
m27 j.exe lq.exe
m27 j.exe tkwf.exe
m27 lq.exe http://mercadolibre.com.mx/jjhy/h/
m27 tkwf.exe hmb.exe
m27 lq.exe http://eastday.com/j/cggk/hoyn/
m26 http://lemonde.fr/iw/kvb/ n.exe
m26 n.exe st.exe
m26 st.exe http://ptt01.cc/kni/zwue/
m26 n.exe o.exe
m26 st.exe m.exe
m26 st.exe fiz.exe
m42 http://gamepedia.com/qbt/a/ by.exe
m42 by.exe ghqi.exe
m42 by.exe http://www.gov.uk/i/uj/
m42 ghqi.exe vs.exe
m42 vs.exe http://doubleclick.net/gzx/jmkm/
m42 vs.exe mhte.exe
m7 http://airtel.in/u/ x.exe
m7 x.exe pg.exe
m7 x.exe zoi.exe
m7 zoi.exe http://whatsapp.com/l/wyhg/
m7 zoi.exe mqf.exe
m7 mqf.exe http://ticketmaster.com/vw/
m7 mqf.exe qx.exe
m7 x.exe http://ebates.com/y/
m21 http://goo.ne.jp/faq/ecrl/ yd.exe
m32 http://loading-delivery1.com/fd/sr/a/xd/ ppts.exe
m32 ppts.exe tco.exe
m48 java.exe lw.exe
m48 lw.exe jra.exe
m48 lw.exe http://drom.ru/qv/jaft/drrb/
m25 http://hao123.com/oa/yim/ n.exe
m25 n.exe n.exe
m25 n.exe http://albawabhnews.com/l/uh/
m25 n.exe wefh.exe
m25 n.exe http://google.com/nub/rl/pg/mbyl/zy/
m25 n.exe et.exe
m25 n.exe ijsi.exe
m22 http://offpageads.com/s/yb/ ir.exe
m22 ir.exe us.exe
m22 ir.exe http://xunlei.com/wvm/
m22 us.exe l.exe
m22 l.exe http://delta.com/xb/
m22 l.exe h.exe
m22 us.exe http://google.com/o/mgkb/
m49 http://photobucket.com/mnci/ g.exe
m49 g.exe r.exe
m49 g.exe lw.exe
m49 lw.exe k.exe
m49 r.exe http://speedtest.net/z/
m15 http://yellowpages.com/dxxu/ lnz.exe
m15 lnz.exe hi.exe
m15 hi.exe af.exe
m15 lnz.exe http://diply.com/hhch/
m15 af.exe cpfl.exe
m15 cpfl.exe z.exe
m15 cpfl.exe http://albawabhnews.com/su/c/
m15 cpfl.exe qsph.exe
m15 qsph.exe http://google.co.nz/s/
m15 hi.exe uygk.exe
m15 lnz.exe ajkv.exe
m15 qsph.exe http://wordreference.com/qbd/es/
m15 lnz.exe w.exe
m15 lnz.exe http://gigazine.net/ea/pa/
m1 http://imdb.com/p/iyfh/ a.exe
m1 a.exe io.exe
m1 io.exe http://buzzfil.net/abd/onq/
m1 a.exe lp.exe
m1 lp.exe her.exe
m1 a.exe e.exe
m12 http://liputan6.com/b/o/w/ fbbb.exe
m12 fbbb.exe i.exe
m12 fbbb.exe http://detik.com/affh/qoqv/ah/
m35 http://milliyet.com.tr/ir/ tl.exe
m35 tl.exe ejz.exe
m35 tl.exe ery.exe
m40 http://ashleyrnadison.com/upr/keb/o/ iela.exe
m40 iela.exe ke.exe
m40 iela.exe http://patch.com/oye/vsw/
m40 ke.exe qji.exe
m40 ke.exe kn.exe
m40 ke.exe http://amazonaws.com/icfc/
m40 kn.exe b.exe
m4 http://atlassian.net/cr/ xt.exe
m4 xt.exe jc.exe
m4 jc.exe x.exe
m13 http://badoo.com/uhek/u/ ux.exe
m13 ux.exe ibgs.exe
m27 http://japanpost.jp/kjn/fzrm/c/ edvi.exe
m27 edvi.exe vu.exe
m27 vu.exe http://tistory.com/f/
m27 vu.exe jtsl.exe
m27 vu.exe http://babycenter.com/z/wj/od/
m27 jtsl.exe fj.exe
m27 jtsl.exe http://sears.com/a/
m27 jtsl.exe i.exe
m34 http://sapo.pt/pypc/ tjr.exe
m34 tjr.exe ezf.exe
m34 tjr.exe php.exe
m34 tjr.exe au.exe
m34 au.exe http://kinopoisk.ru/uucr/
m32 http://ca.gov/uocy/ kmq.exe
m2 http://imgur.com/qgj/cmia/cm/ z.exe
m2 z.exe j.exe
m11 http://adme.ru/kv/ zfk.exe
m11 zfk.exe hixq.exe
m17 http://trklnks.com/olq/mpmi/ aipv.exe
m17 aipv.exe tg.exe
m17 aipv.exe http://impress.co.jp/o/
m28 http://xinhuanet.com/mpb/kmgy/aw/ rqk.exe
m28 rqk.exe obt.exe
m28 rqk.exe ckk.exe
m28 rqk.exe http://office365.com/r/w/
m28 rqk.exe chuz.exe
m28 rqk.exe cz.exe
m46 http://p1mods.com/kpea/ qs.exe
m46 qs.exe dr.exe
m46 dr.exe http://gawker.com/zvd/lj/ls/dps/g/
m46 dr.exe lzbt.exe
m46 dr.exe mjqc.exe
m46 lzbt.exe sq.exe
m46 dr.exe http://google.com.pk/h/
m11 http://terra.com.br/jvt/t/tsx/ rcy.exe
m11 rcy.exe tj.exe
m11 rcy.exe me.exe
m18 http://hao123.com/pvgh/ k.exe
m18 k.exe wz.exe
m18 k.exe http://google.cl/v/c/n/ojgs/fmak/
m18 k.exe ttu.exe
m18 k.exe hg.exe
m18 ttu.exe rjj.exe
m46 http://sapo.pt/og/m/ zsz.exe
m25 http://rakuten.ne.jp/x/ jzko.exe
m25 jzko.exe yrl.exe
m25 yrl.exe ss.exe
m25 yrl.exe http://lowes.com/ccsc/
m25 jzko.exe q.exe
m25 ss.exe t.exe
m25 q.exe http://lapatilla.com/u/sva/
m44 http://oracle.com/abg/j/ hb.exe
m49 http://google.dz/n/ vmk.exe
m49 vmk.exe kd.exe
m49 kd.exe qlio.exe
m49 qlio.exe http://autohome.com.cn/qvrq/ypi/dr/
m49 qlio.exe bua.exe
m49 qlio.exe http://issuu.com/syrj/
m23 outlook.exe th.exe
m23 th.exe ax.exe
m23 ax.exe http://directrev.com/uc/kif/
m23 th.exe apm.exe
m23 ax.exe http://mercadolibre.com.ar/xrbh/
m23 apm.exe l.exe
m44 http://scribd.com/zbk/levj/ io.exe
m20 http://outbrain.com/fhb/ gct.exe
m20 gct.exe upw.exe
m20 gct.exe sjr.exe
m20 upw.exe http://ampclicks.com/nf/anu/
m20 sjr.exe c.exe
m20 gct.exe http://google.co.in/dbx/cdgp/kih/
m20 upw.exe pw.exe
m20 upw.exe http://mediafire.com/m/
m30 http://nih.gov/ionl/gwlp/ u.exe
m30 u.exe d.exe
m3 http://fc2.com/poze/ bbq.exe
m37 http://google.pl/c/ su.exe
m37 su.exe rzf.exe
m12 http://nmisr.com/j/ rnc.exe
m44 http://elmogaz.com/oz/ nw.exe
m44 nw.exe vzvg.exe
m44 vzvg.exe http://nownews.com/s/zhuj/
m44 vzvg.exe j.exe
m44 vzvg.exe http://onedio.com/wnpk/
m44 vzvg.exe f.exe
m34 http://webex.com/zev/vm/btfi/ ps.exe
m0 http://bitly.com/nsxq/l/ gu.exe
m0 gu.exe e.exe
m0 e.exe http://fidelity.com/thpa/
m0 e.exe siw.exe
m0 siw.exe http://geocities.jp/f/maun/lol/
m0 siw.exe ct.exe
m0 e.exe http://webmd.com/xeb/dqxu/igal/
m28 http://mihanblog.com/jjsd/y/s/ai/fho/ j.exe
m28 j.exe wsx.exe
m24 http://biobiochile.cl/m/la/ wyf.exe
m24 wyf.exe f.exe
m24 f.exe http://android.com/pzkr/txom/
m24 f.exe enhb.exe
m24 enhb.exe http://gawker.com/fo/
m21 http://directrev.com/hzck/ yj.exe
m21 yj.exe vimx.exe
m21 vimx.exe y.exe
m21 vimx.exe hk.exe
m21 yj.exe http://google.cz/j/
m21 yj.exe j.exe
m21 vimx.exe http://ups.com/dph/jsb/fct/tqmm/ak/ohjg/
m42 http://sozcu.com.tr/y/ x.exe
m42 x.exe u.exe
m13 http://dell.com/ywc/qd/x/cvid/m/q/ pej.exe
m13 pej.exe anua.exe
m13 anua.exe o.exe
m36 http://facenama.com/m/ s.exe
m36 s.exe g.exe
m36 g.exe p.exe
m36 g.exe http://jin115.com/flfd/
m36 g.exe a.exe
m37 http://chinadaily.com.cn/fol/ yk.exe
m45 eudora.exe gb.exe
m45 gb.exe ts.exe
m45 gb.exe ofj.exe
m45 gb.exe hxr.exe
m6 http://amazon.cn/vo/ wpmn.exe
m2 qqqqqd.exe qqqqqf.exe
m6 wpmn.exe c.exe
m42 http://forever21.com/tee/ colg.exe
m42 colg.exe mon.exe
m27 http://all2lnk.com/nnn/ mag.exe
m27 mag.exe n.exe
m27 mag.exe http://wiktionary.org/u/g/
m10 mail.exe alao.exe
m10 alao.exe f.exe
m10 f.exe sdu.exe
m10 f.exe http://focus.de/hj/
m10 f.exe ovih.exe
m24 http://oracle.com/q/ uix.exe
m24 uix.exe ggt.exe
m20 http://github.com/fav/ hw.exe
m47 http://cpasbien.pw/r/ u.exe
m47 u.exe j.exe
m47 j.exe bz.exe
m2 qqqqqf.exe http://www.boo.edu/abc
m47 j.exe ls.exe
m47 bz.exe http://ptt01.cc/oyr/
m37 http://idnes.cz/fxw/ q.exe
m37 q.exe nyo.exe
m37 nyo.exe lvkc.exe
m37 lvkc.exe t.exe
m37 lvkc.exe m.exe
m37 lvkc.exe http://tripadvisor.com/lw/
m31 http://gutefrage.net/tlso/c/dz/ xyno.exe
m40 http://messenger.com/hz/cy/ ik.exe
m40 ik.exe hp.exe
m40 hp.exe auy.exe
m40 ik.exe http://onlylady.com/tdgn/bp/
m32 http://delta-homes.com/fa/ zg.exe
m30 http://thepiratebay.la/vj/amzc/ q.exe
m30 q.exe wsh.exe
m30 wsh.exe http://sciencedirect.com/wbz/
m33 http://chinatimes.com/ay/mi/ vn.exe
m33 vn.exe tlb.exe
m33 tlb.exe http://onet.pl/lo/n/iwk/rp/pjky/kq/
m33 vn.exe xhec.exe
m33 tlb.exe http://e-hentai.org/ie/buo/
m33 vn.exe tm.exe
m33 vn.exe http://steamcommunity.com/meot/
m49 http://6pm.com/mo/ jxm.exe
m49 jxm.exe k.exe
m49 k.exe pjwn.exe
m49 jxm.exe http://yaolan.com/ltbd/n/
m7 http://google.gr/ctii/ v.exe
m7 v.exe fc.exe
m7 v.exe http://ameba.jp/p/gb/zwh/
m34 http://gawker.com/fya/ rvr.exe
m34 rvr.exe c.exe
m34 c.exe http://slimspots.com/bf/akez/nk/
m34 c.exe q.exe
m34 q.exe http://hao123.com/aban/
m34 c.exe oc.exe
m39 http://google.com.vn/ie/ ggex.exe
m31 http://sears.com/kcv/ c.exe
m31 c.exe dkf.exe
m31 c.exe yquv.exe
m31 dkf.exe http://nydailynews.com/nkan/
m31 yquv.exe d.exe
m31 d.exe fzv.exe
m31 dkf.exe http://shopclues.com/waq/lxnx/
m0 http://etsy.com/vgi/ e.exe
m0 e.exe a.exe
m0 http://deezer.com/olee/fb/dwnl/ez/k/ qaoi.exe
m0 qaoi.exe vhu.exe
m0 qaoi.exe nfb.exe
m0 nfb.exe rthf.exe
m19 http://lazada.co.id/zzeq/sgjt/ pku.exe
m20 http://blogspot.in/qe/xuh/ z.exe
m20 z.exe xwxx.exe
m20 xwxx.exe p.exe
m20 z.exe http://wonderlandads.com/c/hg/
m20 xwxx.exe hjw.exe
m20 z.exe http://kohls.com/oqfx/
m20 p.exe y.exe
m20 y.exe http://hurriyet.com.tr/fuu/iro/
m31 http://elfagr.org/f/ zx.exe
m13 http://ebay.de/nu/ wcqp.exe
m13 wcqp.exe lw.exe
m13 wcqp.exe http://gazzetta.it/sun/mntt/
m23 http://aparat.com/uxa/nom/dfw/lvns/sr/ f.exe
m23 f.exe kyp.exe
m23 kyp.exe apt.exe
m23 kyp.exe http://coursera.org/a/
m23 apt.exe jhi.exe
m23 f.exe http://buzzfil.net/rd/
m7 http://myfreecams.com/az/ r.exe
m7 r.exe p.exe
m7 p.exe phm.exe
m7 r.exe fbib.exe
m15 http://bbc.co.uk/yxbk/ uz.exe
m15 uz.exe oke.exe
m15 uz.exe http://github.io/sihq/quyi/
m15 oke.exe h.exe
m25 http://fitbit.com/zpgw/nvjr/ hd.exe
m25 hd.exe cvuz.exe
m25 hd.exe http://tlbb8.com/zap/
m25 cvuz.exe x.exe
m25 cvuz.exe http://yts.to/es/fl/kdi/
m25 cvuz.exe ydv.exe
m25 x.exe http://albawabhnews.com/fu/
m9 http://china.com.cn/bk/ vtqf.exe
m9 vtqf.exe irma.exe
m9 vtqf.exe q.exe
m26 http://livejournal.com/yix/ hqvd.exe
m26 hqvd.exe qkl.exe
m36 http://google.hr/khnn/ b.exe
m36 b.exe gpij.exe
m36 gpij.exe dz.exe
m36 dz.exe ykjq.exe
m36 ykjq.exe jppt.exe
m36 ykjq.exe http://about.com/nlv/
m8 http://yandex.com.tr/co/ apmf.exe
m8 apmf.exe c.exe
m8 c.exe http://nmisr.com/yqks/qpuy/
m45 http://vcommission.com/hbq/ zuvg.exe
m45 zuvg.exe b.exe
m45 zuvg.exe ndv.exe
m45 ndv.exe ax.exe
m45 zuvg.exe http://google.co.th/butd/jq/hj/xotc/at/ijbc/
m43 http://slate.com/njf/rfr/ eqmf.exe
m43 eqmf.exe m.exe
m43 eqmf.exe http://etao.com/lrpo/sj/bg/
m43 m.exe wmzu.exe
m43 wmzu.exe http://academia.edu/i/
m43 wmzu.exe krrq.exe
m43 m.exe ivx.exe
m36 http://urdupoint.com/uz/ cuk.exe
m0 http://google.com.bd/n/zq/gs/ ns.exe
m0 ns.exe lmka.exe
m0 lmka.exe bare.exe
m0 ns.exe s.exe
m41 http://39.net/wrh/ sbl.exe
m41 sbl.exe br.exe
m41 br.exe http://bluehost.com/pkh/yevi/
m41 sbl.exe m.exe
m41 br.exe http://thehindu.com/aziv/
m41 br.exe jv.exe
m41 sbl.exe a.exe
m28 http://tsite.jp/f/ fbuz.exe
m15 http://souq.com/ikj/ lel.exe
m1 http://photobucket.com/y/ aua.exe
m1 aua.exe u.exe
m1 aua.exe u.exe
m1 u.exe http://drudgereport.com/prer/e/
m1 u.exe crv.exe
m1 aua.exe http://jd.com/o/rlu/
m1 u.exe eud.exe
m20 http://flickr.com/cxuu/ hfm.exe
m20 hfm.exe gvr.exe
m20 hfm.exe http://paypal.com/dxix/y/cntw/
m42 http://okcupid.com/hd/ zrvc.exe
m42 zrvc.exe lnb.exe
m42 lnb.exe z.exe
m42 z.exe qmk.exe
m42 lnb.exe v.exe
m42 qmk.exe http://pornhub.com/i/
m10 http://wikimedia.org/iajo/ e.exe
m37 http://telegraph.co.uk/quk/ ye.exe
m37 ye.exe ruz.exe
m37 ruz.exe http://adme.ru/l/lxbs/
m37 ye.exe l.exe
m37 ye.exe dol.exe
m37 ye.exe http://ok.ru/rr/
m24 http://blogfa.com/rl/huud/ u.exe
m24 u.exe gmb.exe
m6 http://bhphotovideo.com/qth/ixu/skhs/ ai.exe
m6 ai.exe hm.exe
m11 http://staticwebdom.com/ya/ omz.exe
m11 omz.exe lyl.exe
m11 omz.exe http://myfreecams.com/zc/og/
m1 http://businessinsider.com/lnhr/uvb/ zhsg.exe
m1 zhsg.exe liz.exe
m1 zhsg.exe knz.exe
m1 liz.exe http://nyaa.se/bki/
m1 knz.exe zx.exe
m1 liz.exe http://geocities.jp/t/vw/nv/
m46 http://donga.com/yzf/ b.exe
m46 b.exe fcm.exe
m46 fcm.exe http://java.com/rcyf/
m18 http://w3schools.com/pbl/ hx.exe
m36 http://eastday.com/pev/ prvn.exe
m36 prvn.exe ff.exe
m36 prvn.exe jhz.exe
m36 prvn.exe cwhv.exe
m36 prvn.exe http://thesaurus.com/nh/mybd/
m0 http://trafficoptimisr.com/e/l/ sftu.exe
m0 sftu.exe ol.exe
m0 ol.exe y.exe
m0 sftu.exe jpry.exe
m0 y.exe my.exe
m0 y.exe http://list.tmall.com/ktr/xede/hb/
m19 http://lifehacker.com/b/le/jlu/ zinv.exe
m19 zinv.exe vdzl.exe
m19 vdzl.exe a.exe
m19 a.exe okhk.exe
m19 vdzl.exe http://office365.com/qjz/njw/
m19 a.exe lzq.exe
m19 lzq.exe http://google.dk/ze/wcti/
m5 http://bongacams.com/tbzh/ xgw.exe
m34 http://clarin.com/t/ b.exe
m2 http://39.net/jss/ d.exe
m2 d.exe zgwb.exe
m2 d.exe dm.exe
m44 http://126.com/n/ yb.exe
m44 yb.exe d.exe
m44 d.exe http://wordpress.com/dp/lqpw/
m44 yb.exe rvhh.exe
m44 yb.exe http://adme.ru/aju/hnui/x/tpi/
m44 rvhh.exe r.exe
m44 d.exe http://priceline.com/ken/y/jngd/
m44 d.exe gtg.exe
m12 http://citibank.com/p/ gk.exe
m12 gk.exe ou.exe
m12 gk.exe http://google.com.sa/kgj/t/
m12 gk.exe p.exe
m40 http://yandex.by/zz/f/ cc.exe
m3 http://www.boo.edu/abc qqqqqg.exe
m12 http://1688.com/sci/gt/ v.exe
m12 v.exe cdwx.exe
m12 cdwx.exe ziia.exe
m12 v.exe http://uptodown.com/yuq/sqrg/
m12 ziia.exe hoo.exe
m4 http://mit.edu/bm/am/ zc.exe
m4 zc.exe dp.exe
m4 zc.exe i.exe
m4 i.exe dec.exe
m9 http://yhd.com/rir/ngp/ ywo.exe
m9 ywo.exe u.exe
m9 ywo.exe http://clarin.com/d/xi/
m9 ywo.exe dx.exe
m3 qqqqqg.exe qqqqqh.exe
m9 dx.exe http://weather.com/xu/h/
m9 u.exe lzdv.exe
m9 lzdv.exe http://kinogo.co/vad/xxa/rwy/
m24 http://olx.com.br/u/ fq.exe
m24 fq.exe eds.exe
m24 fq.exe http://ytimg.com/ooks/
m24 fq.exe bsc.exe
m34 http://kayak.com/xzr/ bcdv.exe
m1 http://repubblica.it/fmua/igs/gnp/vql/gy/ dgb.exe
m1 dgb.exe op.exe
m1 dgb.exe red.exe
m40 http://cnet.com/bbq/ fa.exe
m40 fa.exe w.exe
m40 w.exe http://fitbit.com/dq/df/dmdt/
m40 w.exe g.exe
m40 g.exe plo.exe
m40 plo.exe fude.exe
m35 http://blogger.com/eq/ c.exe
m35 c.exe j.exe
m35 c.exe v.exe
m35 j.exe vezk.exe
m35 vezk.exe rr.exe
m35 v.exe xij.exe
m35 c.exe brvr.exe
m19 http://extratorrent.cc/vdo/ mtq.exe
m19 mtq.exe ce.exe
m19 mtq.exe http://techcrunch.com/putw/
m14 http://pcmag.com/ojlk/ e.exe
m14 e.exe lo.exe
m14 lo.exe b.exe
m14 b.exe http://histats.com/c/rxx/
m14 lo.exe ll.exe
m14 e.exe http://twimg.com/i/
m14 e.exe jb.exe
m40 http://gamer.com.tw/zez/smf/nn/tzl/ge/c/ sc.exe
m40 sc.exe tag.exe
m40 tag.exe http://it168.com/p/noud/
m40 sc.exe ijr.exe
m49 http://torcache.net/yi/oeed/ q.exe
m15 http://bluehost.com/o/ fj.exe
m15 fj.exe wpwr.exe
m15 wpwr.exe http://united.com/qixh/
m15 fj.exe stny.exe
m15 stny.exe ha.exe
m15 wpwr.exe u.exe
m15 wpwr.exe http://smzdm.com/bbkz/
m15 wpwr.exe m.exe
m15 ha.exe http://nyaa.se/hx/fv/
m15 stny.exe fg.exe
m25 http://mashable.com/l/k/ rzh.exe
m25 rzh.exe kkr.exe
m25 kkr.exe n.exe
m25 rzh.exe http://independent.co.uk/iot/
m25 rzh.exe g.exe
m25 rzh.exe http://gumtree.com/bt/tc/ncae/
m46 http://workercn.cn/i/ry/ vq.exe
m14 http://click4stat.com/xt/v/ ecuj.exe
m14 ecuj.exe vz.exe
m14 vz.exe k.exe
m14 vz.exe http://npr.org/bo/
m14 k.exe con.exe
m14 vz.exe http://google.com/n/xtec/
m14 k.exe j.exe
m14 j.exe http://mayoclinic.org/ukd/
m16 http://okcupid.com/wz/ bz.exe
m16 bz.exe fw.exe
m20 http://sears.com/ru/ ors.exe
m20 ors.exe wxa.exe
m20 ors.exe http://adme.ru/wa/buej/zsj/
m20 ors.exe b.exe
m20 b.exe http://hespress.com/xp/
m20 wxa.exe ab.exe
m20 wxa.exe http://bleacherreport.com/siwq/lfy/
m25 http://gamepedia.com/otv/ gkz.exe
m25 gkz.exe zzl.exe
m3 explorer.exe qqqqqa.exe
m25 gkz.exe http://youm7.com/qncx/
m25 gkz.exe ts.exe
m25 zzl.exe http://googleusercontent.com/k/j/
m6 http://watch-series-tv.to/ekdz/lz/ k.exe
m6 k.exe o.exe
m6 k.exe dr.exe
m6 o.exe http://weibo.com/n/sb/
m6 k.exe wvsk.exe
m6 dr.exe http://fanli.com/v/
m18 http://free-tv-video-online.info/loym/cnn/rx/ x.exe
m2 http://google.co.jp/rzjv/xmy/m/ pjwt.exe
m2 pjwt.exe w.exe
m2 w.exe khs.exe
m2 w.exe http://life.com.tw/ehes/hqd/q/zn/
m2 w.exe p.exe
m2 p.exe http://nifty.com/m/nbyg/
m2 p.exe yci.exe
m2 p.exe http://popsugar.com/nuy/
m2 p.exe sipb.exe
m2 sipb.exe http://reimageplus.com/sx/ohi/
m2 khs.exe z.exe
m2 yci.exe http://dianping.com/tfpf/
m10 http://spiegel.de/m/ vhmp.exe
m10 vhmp.exe m.exe
m10 m.exe of.exe
m10 vhmp.exe http://ppomppu.co.kr/a/
m10 of.exe why.exe
m10 m.exe http://cracked.com/cw/uj/dima/ol/flzz/eomb/
m35 http://360.cn/gyac/m/ axgx.exe
m35 axgx.exe k.exe
m35 axgx.exe http://pcmag.com/cuo/
m35 k.exe o.exe
m16 http://google.com.mx/gvj/ep/fs/blm/bzr/qq/ hl.exe
m16 hl.exe cq.exe
m16 hl.exe http://samsung.com/oaj/
m16 cq.exe rnt.exe
m16 hl.exe http://kooora.com/uekl/
m17 http://haiwainet.cn/cshp/ nqz.exe
m4 explorer.exe g1.exe
m17 nqz.exe uys.exe
m21 http://slimspots.com/dsmy/yyxu/ avex.exe
m21 avex.exe ofv.exe
m42 http://amazon.de/ouf/ k.exe
m42 k.exe qeii.exe
m42 k.exe http://torrentz.in/ny/rg/
m42 qeii.exe tctt.exe
m42 k.exe vzkn.exe
m7 http://marca.com/f/n/ k.exe
m7 k.exe klj.exe
m7 k.exe http://whatsapp.com/nyjk/
m7 k.exe txt.exe
m14 http://diply.com/q/ we.exe
m14 we.exe a.exe
m14 a.exe http://gofundme.com/r/
m14 a.exe of.exe
m14 a.exe http://badoo.com/ap/li/
m14 a.exe qqnp.exe
m14 qqnp.exe aa.exe
m14 aa.exe http://delta.com/rmrp/
m43 http://douyutv.com/s/ hang.exe
m43 hang.exe m.exe
m43 m.exe ihp.exe
m15 http://xfinity.com/mjvd/whcq/ okq.exe
m15 okq.exe y.exe
m15 okq.exe http://quora.com/u/
m15 okq.exe g.exe
m15 y.exe ad.exe
m4 explorer.exe g2.exe
m15 ad.exe eief.exe
m32 http://rednet.cn/b/b/ f.exe
m32 f.exe yf.exe
m32 yf.exe c.exe
m32 f.exe http://blogspot.com.tr/y/
m32 yf.exe iga.exe
m32 yf.exe http://pchome.com.tw/nkwt/
m8 http://kijiji.ca/lfrh/ m.exe
m8 m.exe i.exe
m8 i.exe http://mobile01.com/m/mhg/
m8 m.exe jdz.exe
m8 jdz.exe ux.exe
m34 http://fc2.com/w/xqwd/ uec.exe
m34 uec.exe su.exe
m18 http://google.ca/lz/ s.exe
m18 s.exe jm.exe
m18 jm.exe iry.exe
m18 iry.exe u.exe
m18 jm.exe x.exe
m18 iry.exe http://slack.com/phmf/xqu/
m18 jm.exe sag.exe
m18 x.exe to.exe
m18 u.exe http://msn.com/zfm/y/j/vbyw/in/
m11 http://kaskus.co.id/p/ xfu.exe
m11 xfu.exe mud.exe
m11 mud.exe np.exe
m11 np.exe http://mystartsearch.com/aql/ugyt/zli/rptj/
m11 np.exe ll.exe
m11 mud.exe http://swagbucks.com/xa/syn/feal/
m11 ll.exe qh.exe
m31 flash.exe ubnl.exe
m31 ubnl.exe rc.exe
m31 ubnl.exe k.exe
m31 rc.exe cbnr.exe
m31 ubnl.exe http://ted.com/lax/
m31 ubnl.exe r.exe
m31 rc.exe http://directrev.com/g/
m5 explorer.exe g3.exe
m31 r.exe mno.exe
m31 mno.exe http://atwiki.jp/r/
m31 r.exe f.exe
m31 f.exe s.exe
m31 mno.exe k.exe
m31 r.exe http://streamcloud.eu/cj/
m18 http://people.com.cn/w/ y.exe
m18 y.exe k.exe
m18 y.exe http://vice.com/p/k/aiz/
m18 k.exe tru.exe
m1 http://digg.com/pm/ tj.exe
m1 tj.exe kr.exe
m1 tj.exe me.exe
m1 me.exe a.exe
m1 a.exe http://google.com.ua/kmgz/
m1 me.exe h.exe
m1 h.exe http://gyazo.com/m/g/
m38 http://pinimg.com/u/ p.exe
m38 p.exe sbq.exe
m38 sbq.exe http://onet.pl/ljhj/gapj/
m38 p.exe pfu.exe
m38 pfu.exe http://gyazo.com/hkrs/
m6 http://myfitnesspal.com/mmf/time/ld/rrj/ g.exe
m6 g.exe jwx.exe
m41 http://xnxx.com/dzb/ jvo.exe
m41 jvo.exe ojve.exe
m41 jvo.exe http://capitalone.com/ee/hfig/ghg/oewv/h/pq/
m47 http://mozilla.org/gp/ hxk.exe
m47 hxk.exe epzp.exe
m47 hxk.exe sbz.exe
m47 hxk.exe sg.exe
m47 epzp.exe http://neobux.com/qopu/
m47 sbz.exe ucws.exe
m17 http://gmarket.co.kr/gr/ q.exe
m17 q.exe vh.exe
m17 vh.exe zii.exe
m6 http://expedia.com/ykng/ mg.exe
m6 mg.exe wann.exe
m27 http://forbes.com/eeyp/ hf.exe
m41 http://jabong.com/rdyp/b/lviw/ dil.exe
m41 dil.exe cm.exe
m41 dil.exe http://friv.com/fq/jt/
m41 dil.exe obqz.exe
m41 obqz.exe http://baike.com/qnvs/
m41 obqz.exe hd.exe
m41 hd.exe http://delta.com/bj/
m10 http://wikimedia.org/w/sz/ iti.exe
m10 iti.exe gwmw.exe
m10 iti.exe w.exe
m10 iti.exe nkt.exe
m10 iti.exe http://theladbible.com/wh/
m10 iti.exe uxeu.exe
m32 http://104.com.tw/noaz/ ro.exe
m32 ro.exe avfm.exe
m32 avfm.exe http://bilibili.com/gdl/
m32 avfm.exe gi.exe
m32 avfm.exe saaj.exe
m32 ro.exe http://mi.com/rt/v/wk/
m45 http://indiatimes.com/wai/gd/ zj.exe
m45 zj.exe u.exe
m45 zj.exe y.exe
m45 y.exe http://yandex.kz/cg/
m45 u.exe rtg.exe
m45 u.exe http://web.de/jtle/gkfb/
m45 u.exe qfxx.exe
m41 http://stockstar.com/u/ aw.exe
m41 aw.exe tqk.exe
m41 tqk.exe http://goo.ne.jp/qstp/eqs/
m41 tqk.exe mzon.exe
m41 mzon.exe http://mynavi.jp/hpe/
m41 tqk.exe gvz.exe
m22 http://livedoor.com/py/ u.exe
m22 u.exe b.exe
m22 b.exe http://google.com.vn/j/pub/
m10 http://webmd.com/ju/skq/ w.exe
m41 http://ruten.com.tw/as/ khu.exe
m13 http://shopify.com/obnb/oj/mvdy/ ul.exe
m13 ul.exe md.exe
m13 md.exe http://china.com/bi/atk/xgti/dyj/p/
m13 ul.exe wl.exe
m13 md.exe zdk.exe
m10 http://google.com.br/br/ n.exe
m10 n.exe focr.exe
m10 focr.exe http://usbank.com/v/
m13 http://oracle.com/g/xqo/uo/bf/z/plz/ gq.exe
m47 http://ask.com/l/ b.exe
m47 b.exe ox.exe
m47 b.exe pviz.exe
m47 pviz.exe http://trulia.com/sm/qodx/zujh/
m47 pviz.exe hs.exe
m16 http://avg.com/sivt/ hjp.exe
m16 hjp.exe weaa.exe
m37 http://myfitnesspal.com/peq/suto/ nh.exe
m37 nh.exe vetn.exe
m37 nh.exe http://bhaskar.com/nog/
m37 vetn.exe obky.exe
m37 vetn.exe http://aweber.com/fzfw/
m40 http://netteller.com/j/ jr.exe
m40 jr.exe mxr.exe
m5 explorer.exe g4.exe
m40 jr.exe http://pixnet.net/zbqe/emz/ucll/
m40 mxr.exe dq.exe
m40 jr.exe http://go.com/xna/pdvj/in/
m40 dq.exe jpc.exe
m40 jr.exe http://blogfa.com/rwxt/z/dq/
m40 jr.exe ia.exe
m40 mxr.exe http://t-online.de/iqb/
m39 http://albawabhnews.com/ifdp/ yrjz.exe
m7 http://ytimg.com/rhg/wpu/ ky.exe
m7 ky.exe rybe.exe
m7 ky.exe qwg.exe
m7 rybe.exe http://dmm.co.jp/dy/
m7 rybe.exe abb.exe
m7 ky.exe http://lemonde.fr/mhfw/qzhp/
m7 ky.exe tnas.exe
m7 tnas.exe http://xing.com/ozd/y/i/poay/sz/fwuy/
m10 http://cityadspix.com/d/cy/ j.exe
m36 http://yodobashi.com/vzg/ bh.exe
m36 bh.exe op.exe
m36 op.exe http://vice.com/jomr/
m36 bh.exe gsy.exe
m36 op.exe bsbw.exe
m6 explorer.exe g5.exe
m18 http://kat.cr/sydl/im/ro/ot/you/ j.exe
m18 j.exe vm.exe
m18 j.exe qtor.exe
m18 vm.exe http://donga.com/zm/ynkz/b/tmu/j/
m18 j.exe n.exe
m18 j.exe http://tumblr.com/chg/
m18 j.exe re.exe
m24 http://list-manage.com/ja/r/k/ hw.exe
m24 hw.exe mj.exe
m24 hw.exe http://quikr.com/h/wck/
m38 http://nikkei.com/c/s/ einh.exe
m38 einh.exe pxpk.exe
m38 einh.exe http://amazon.ca/a/
m38 einh.exe j.exe
m38 einh.exe swa.exe
m38 pxpk.exe http://as.com/csb/xevg/
m38 einh.exe pzan.exe
m43 http://rt.com/ywvp/ vftc.exe
m28 http://mydomainadvisor.com/nx/lhno/qc/ jesi.exe
m28 jesi.exe ew.exe
m28 jesi.exe jdva.exe
m28 ew.exe http://github.com/fg/z/bzo/
m28 ew.exe x.exe
m28 x.exe lvkb.exe
m28 ew.exe ffd.exe
m28 jesi.exe bpxy.exe
m28 bpxy.exe http://sciencedirect.com/yh/
m28 jesi.exe e.exe
m28 jdva.exe ugd.exe
m8 http://mihanblog.com/iw/nsre/ pk.exe
m8 pk.exe nk.exe
m8 pk.exe http://secureserver.net/x/
m26 http://bbc.co.uk/shux/ nvx.exe
m26 nvx.exe w.exe
m26 nvx.exe e.exe
m26 w.exe oo.exe
m26 e.exe grgh.exe
m31 http://bycontext.com/y/ id.exe
m31 id.exe t.exe
m31 t.exe http://dmm.co.jp/pk/
m31 id.exe fxc.exe
m31 fxc.exe http://media.tumblr.com/j/
m0 http://bestadbid.com/iio/sh/ it.exe
m26 http://google.es/gul/v/ oklg.exe
m26 oklg.exe w.exe
m26 oklg.exe http://intoday.in/wvw/
m41 http://pornhub.com/mo/s/iqju/g/ag/dx/ iu.exe
m24 http://ask.fm/hi/ bkc.exe
m24 bkc.exe rb.exe
m24 rb.exe http://kat.cr/a/
m49 http://ew.com/mjm/ kn.exe
m49 kn.exe aa.exe
m49 aa.exe http://uber.com/seq/
m27 http://usmagazine.com/aica/ xecw.exe
m27 xecw.exe tu.exe
m27 xecw.exe bf.exe
m27 tu.exe http://warmportrait.com/psk/
m14 http://chase.com/sm/qv/ cak.exe
m14 cak.exe girt.exe
m14 girt.exe http://adf.ly/xkmk/hz/wnr/s/ix/n/
m14 girt.exe bwhj.exe
m14 bwhj.exe http://naver.com/nzxx/
m14 cak.exe nn.exe
m14 girt.exe http://free-tv-video-online.info/kwl/
m40 http://histats.com/xbo/bkyw/os/ blsq.exe
m40 blsq.exe oanu.exe
m40 blsq.exe http://google.pl/ocp/
m40 blsq.exe k.exe
m40 blsq.exe http://ask.fm/yp/
m40 blsq.exe ttl.exe
m25 http://steampowered.com/kx/oye/ pl.exe
m25 pl.exe g.exe
m25 g.exe gb.exe
m25 pl.exe gmip.exe
m25 pl.exe http://click4stat.com/mpww/
m12 http://kooora.com/oev/fs/ qei.exe
m12 qei.exe wf.exe
m12 wf.exe http://olx.in/nr/mirq/
m46 http://amazon.com/cbg/ kzow.exe
m46 kzow.exe q.exe
m46 kzow.exe http://coccoc.com/rlp/
m46 kzow.exe afc.exe
m46 q.exe bg.exe
m46 kzow.exe op.exe
m43 http://cntv.cn/kii/cec/ s.exe
m43 s.exe iy.exe
m43 iy.exe http://totaladperformance.com/o/
m43 s.exe wh.exe
m43 s.exe lrw.exe
m43 lrw.exe snrg.exe
m6 explorer.exe g6.exe
m43 wh.exe http://4shared.com/edo/lkd/js/bzj/
m36 http://reverso.net/f/hpd/ m.exe
m36 m.exe zid.exe
m13 http://liveleak.com/b/jbr/ pbwg.exe
m25 http://amazon.com/ggo/jela/ zp.exe
m25 zp.exe w.exe
m25 w.exe http://hclips.com/ts/
m25 zp.exe to.exe
m25 to.exe http://onet.pl/t/f/
m4 http://sh.st/mpx/ zyqm.exe
m13 http://hilton.com/yadn/yqv/spi/wakb/ hci.exe
m13 hci.exe n.exe
m13 n.exe http://google.it/swam/
m33 http://alfalfalfa.com/dcuh/ pfeg.exe
m33 pfeg.exe liu.exe
m39 http://kompas.com/i/ us.exe
m39 us.exe szo.exe
m39 us.exe http://india.com/ca/
m39 szo.exe yxdj.exe
m39 http://sberbank.ru/zx/ r.exe
m39 r.exe f.exe
m39 r.exe g.exe
m39 f.exe http://vk.com/vs/
m38 http://weather.com/h/lh/elue/kcs/ez/ jf.exe
m38 jf.exe zy.exe
m38 jf.exe http://americanexpress.com/iaey/
m20 http://google.com.kw/ui/ e.exe
m4 http://hulu.com/m/mp/doq/ uwe.exe
m4 uwe.exe gnl.exe
m4 uwe.exe pjmn.exe
m4 uwe.exe m.exe
m12 http://windows.com/n/wu/ b.exe
m12 b.exe q.exe
m12 b.exe xlvj.exe
m4 http://office.com/hbn/kyxo/xns/ vbun.exe
m4 vbun.exe qq.exe
m4 qq.exe http://mercadolibre.com.ar/x/hlhl/p/miyz/t/zwl/
m4 vbun.exe hqdh.exe
m4 qq.exe http://315che.com/v/a/
m4 vbun.exe vjaj.exe
m4 vbun.exe vk.exe
m47 http://tlbb8.com/y/qj/ tpe.exe
m47 tpe.exe owzo.exe
m47 tpe.exe http://webssearches.com/xb/
m47 tpe.exe sn.exe
m47 owzo.exe qr.exe
m47 qr.exe bcrp.exe
m16 http://statcounter.com/g/vnv/ z.exe
m16 z.exe fmu.exe
m16 fmu.exe http://gap.com/i/gj/rmf/
m16 z.exe cp.exe
m16 fmu.exe whv.exe
m16 z.exe yxw.exe
m16 whv.exe http://twitch.tv/uz/
m7 firefox.exe http://google.com
m14 http://kooora.com/svz/ tkqg.exe
m14 tkqg.exe gy.exe
m14 tkqg.exe http://walmart.com/ouhd/
m14 gy.exe r.exe
m26 http://zulily.com/cp/ffzx/ jmlw.exe
m26 jmlw.exe qic.exe
m26 jmlw.exe http://yandex.by/ck/na/lgfe/q/v/
m26 jmlw.exe dm.exe
m26 qic.exe ioco.exe
m26 jmlw.exe bpq.exe
m7 firefox.exe http://google.com
m26 ioco.exe http://swagbucks.com/ta/
m28 http://taleo.net/xv/j/rk/ tce.exe
m28 tce.exe ur.exe
m28 ur.exe http://cityadspix.com/fb/
m28 tce.exe euv.exe
m28 tce.exe http://sh.st/pf/
m16 http://hostgator.com/qddt/ c.exe
m16 c.exe xba.exe
m16 xba.exe aw.exe
m37 http://ensonhaber.com/m/ ajq.exe
m37 ajq.exe lb.exe
m43 http://sears.com/krb/nqub/ d.exe
m9 http://google.co.ve/u/ toj.exe
m9 toj.exe ehkl.exe
m9 toj.exe bbng.exe
m9 toj.exe q.exe
m9 bbng.exe w.exe
m9 toj.exe http://wp.pl/lxmc/
m34 http://issuu.com/e/ hl.exe
m34 hl.exe xea.exe
m34 hl.exe zwjy.exe
m34 zwjy.exe tlnt.exe
m8 explorer.exe http://google.com
m38 http://mackeeper.com/n/tzs/t/e/exq/dy/ j.exe
m38 j.exe lb.exe
m38 lb.exe gsl.exe
m38 gsl.exe kcgo.exe
m38 kcgo.exe npmh.exe
m26 http://onlinesbi.com/afev/v/m/ q.exe
m26 q.exe hx.exe
m26 q.exe zz.exe
m26 hx.exe http://theguardian.com/ie/
m21 http://steamcommunity.com/ukh/ hwp.exe
m21 hwp.exe s.exe
m21 s.exe http://oyunskor.com/y/jk/
m21 hwp.exe x.exe
m21 s.exe http://douban.com/y/
m21 x.exe jm.exe
m39 http://google.ru/dl/cued/ tmyb.exe
m5 http://slack.com/wk/ b.exe
m5 b.exe gw.exe
m0 http://webssearches.com/ufar/ cixh.exe
m0 cixh.exe qppl.exe
m0 qppl.exe http://atwiki.jp/g/m/
m0 qppl.exe t.exe
m0 qppl.exe hmu.exe
m20 http://yts.to/tjh/bllw/ jrx.exe
m34 http://sciencedirect.com/jo/zqm/sm/v/ yord.exe
m34 yord.exe nan.exe
m34 nan.exe http://zing.vn/ngaz/
m34 nan.exe l.exe
m34 yord.exe http://mercadolibre.com.ar/e/
m34 l.exe c.exe
m34 yord.exe zz.exe
m5 http://redtube.com/ymc/ yjb.exe
m5 yjb.exe qwe.exe
m5 qwe.exe http://delta.com/yawv/
m5 qwe.exe x.exe
m5 qwe.exe http://4shared.com/aguo/cis/
m5 qwe.exe ez.exe
m5 yjb.exe http://blogspot.jp/sz/q/
m5 ez.exe iciz.exe
m7 http://overstock.com/fkq/ k.exe
m7 k.exe f.exe
m7 k.exe m.exe
m7 f.exe http://forever21.com/hszy/
m11 http://blogspot.in/fl/d/lom/j/re/ lxms.exe
m11 lxms.exe fxnx.exe
m11 fxnx.exe http://nike.com/iqa/
m37 http://wordreference.com/k/m/d/ p.exe
m41 http://ebay.it/twz/cp/ l.exe
m41 l.exe lbgz.exe
m41 l.exe http://urdupoint.com/ktpp/ay/
m41 lbgz.exe ldc.exe
m41 ldc.exe http://livedoor.com/iux/
m41 ldc.exe ixds.exe
m41 l.exe gwo.exe
m34 http://imgur.com/cea/ oj.exe
m34 oj.exe fj.exe
m34 oj.exe http://tokopedia.com/ie/ei/qgp/xy/kmqu/
m34 oj.exe l.exe
m34 oj.exe en.exe
m34 oj.exe http://amazon.com/krvx/tzp/
m34 en.exe pmz.exe
m34 oj.exe http://youm7.com/kaq/
m22 http://eastmoney.com/p/ t.exe
m22 t.exe bf.exe
m22 t.exe http://haber7.com/l/
m22 t.exe wx.exe
m22 t.exe http://news.com.au/uh/
m22 wx.exe ceck.exe
m22 ceck.exe http://amazon.es/nhl/
m22 ceck.exe lz.exe
m22 bf.exe qyix.exe
m22 wx.exe http://albawabhnews.com/oadh/z/
m22 bf.exe dqji.exe
m22 lz.exe http://weather.gov/mk/ypd/
m28 http://pagesjaunes.fr/euhu/ avp.exe
m28 avp.exe t.exe
m28 avp.exe http://lenta.ru/olkc/it/m/
m2 http://hostgator.com/ys/wuyt/yh/ f.exe
m2 f.exe mszf.exe
m2 f.exe kckq.exe
m2 mszf.exe http://google.com/vkl/lo/
m2 kckq.exe zuzi.exe
m2 kckq.exe pv.exe
m2 zuzi.exe http://blogspot.jp/adiv/x/
m9 http://homedepot.com/mbue/ l.exe
m11 http://google.hu/op/d/p/nrzt/ mo.exe
m11 mo.exe zhws.exe
m11 mo.exe http://terraclicks.com/um/bf/
m11 mo.exe rke.exe
m11 rke.exe pxm.exe
m4 http://lenovo.com/k/ihgz/ wn.exe
m4 wn.exe ocra.exe
m4 wn.exe d.exe
m4 ocra.exe http://ign.com/c/
m29 http://asus.com/xn/kqmo/ dya.exe
m29 dya.exe pc.exe
m29 dya.exe uoka.exe
m29 dya.exe c.exe
m29 uoka.exe http://overstock.com/wn/a/
m29 uoka.exe iu.exe
m29 uoka.exe http://cbsnews.com/bc/
m40 http://thepiratebay.la/njyj/ kw.exe
m40 kw.exe imby.exe
m40 kw.exe yubj.exe
m40 kw.exe kifp.exe
m40 kifp.exe http://bycontext.com/uvfm/
m40 kw.exe x.exe
m40 x.exe http://rbc.ru/qbqm/lubk/
m28 http://bongacams.com/aq/ne/u/wb/lzb/ m.exe
m28 m.exe odj.exe
m28 m.exe ztq.exe
m28 odj.exe http://google.com.au/cm/
m28 odj.exe aepv.exe
m28 aepv.exe http://steamcommunity.com/zoa/yyew/
m14 http://detail.tmall.com/nu/ duf.exe
m14 duf.exe x.exe
m14 x.exe yb.exe
m14 yb.exe l.exe
m14 yb.exe j.exe
m14 l.exe http://likes.com/lqow/
m12 http://adf.ly/khlp/d/liej/svmp/ xbgc.exe
m12 xbgc.exe eg.exe
m39 http://softonic.com/ahj/xane/ zelw.exe
m4 http://jd.com/p/ r.exe
m4 r.exe y.exe
m4 r.exe http://amazon.ca/ukmw/i/ich/
m17 http://hespress.com/o/oxjv/ xdvg.exe
m17 xdvg.exe shd.exe
m17 shd.exe mh.exe
m17 xdvg.exe pc.exe
m17 pc.exe http://slimspots.com/qlj/
m47 http://mit.edu/tl/ lag.exe
m47 lag.exe qb.exe
m47 lag.exe afi.exe
m32 http://58.com/opo/ vxjk.exe
m32 vxjk.exe ytc.exe
m32 ytc.exe g.exe
m26 http://farsnews.com/voxc/ h.exe
m26 h.exe tf.exe
m26 h.exe http://bet365.com/cm/gxc/
m26 h.exe ohh.exe
m26 h.exe http://kinogo.co/l/tvx/b/
m15 http://souq.com/vlkr/vozw/e/ f.exe
m15 f.exe hgu.exe
m15 f.exe http://drom.ru/ww/
m15 f.exe hh.exe
m15 hgu.exe qnta.exe
m15 qnta.exe http://dailymotion.com/edvm/blyh/ghmq/
m44 http://google.ae/aavs/cld/ kg.exe
m44 kg.exe fzrt.exe
m44 fzrt.exe ys.exe
m44 kg.exe zh.exe
m44 zh.exe http://mercadolibre.com.mx/scm/
m44 kg.exe uawe.exe
m44 uawe.exe http://lifebuzz.com/f/be/byj/h/
m8 http://livestrong.com/ryda/ dq.exe
m8 dq.exe c.exe
m8 c.exe z.exe
m8 dq.exe http://mystartsearch.com/w/
m8 z.exe uadk.exe
m8 uadk.exe http://thesaurus.com/qcax/
m8 c.exe tt.exe
m8 c.exe http://himado.in/kfyr/
m26 http://eastmoney.com/oafg/ gil.exe
m20 http://flirchi.com/pszc/sea/nyi/ an.exe
m20 an.exe msen.exe
m20 msen.exe http://friv.com/ihe/ija/
m22 http://xinhuanet.com/ktfh/ kx.exe
m22 kx.exe f.exe
m22 f.exe http://weebly.com/y/
m22 f.exe sbo.exe
m22 kx.exe http://itmedia.co.jp/s/pe/
m22 kx.exe g.exe
m22 g.exe http://leboncoin.fr/a/
m22 f.exe ztxv.exe
m22 kx.exe j.exe
m22 j.exe http://google.ru/mt/
m22 ztxv.exe wc.exe
m22 wc.exe http://allrecipes.com/e/fm/
m22 g.exe gjgk.exe
m22 gjgk.exe http://pclady.com.cn/g/
m22 ztxv.exe a.exe
m22 j.exe http://youth.cn/sqw/
m42 http://youradexchange.com/hllu/wrr/enk/az/jr/v/ lla.exe
m42 lla.exe reav.exe
m42 lla.exe http://surveymonkey.com/aewc/q/
m42 lla.exe wolf.exe
m42 reav.exe hvs.exe
m42 reav.exe http://pof.com/be/tqw/sjfu/y/my/
m42 http://exoclick.com/kmv/oidd/ pkeb.exe
m42 pkeb.exe f.exe
m42 pkeb.exe ha.exe
m42 pkeb.exe http://semrush.com/zpvt/
m42 pkeb.exe wl.exe
m42 f.exe http://anitube.se/fz/
m42 ha.exe osg.exe
m42 pkeb.exe http://mydomainadvisor.com/n/b/
m0 http://instructables.com/vzv/ oq.exe
m19 http://taobao.com/wts/rgq/i/ yb.exe
m19 yb.exe cvuo.exe
m25 http://ehow.com/snhx/ l.exe
m25 l.exe hra.exe
m25 hra.exe h.exe
m25 l.exe http://zillow.com/n/
m12 http://quora.com/h/ ikyl.exe
m12 ikyl.exe lwxn.exe
m12 ikyl.exe http://bp.blogspot.com/mwsr/
m12 ikyl.exe fp.exe
m12 lwxn.exe http://thehindu.com/zoi/yx/
m12 lwxn.exe r.exe
m27 outlook.exe nx.exe
m27 nx.exe x.exe
m27 x.exe http://samsung.com/igs/zm/ypoa/
m27 nx.exe t.exe
m27 nx.exe http://bild.de/a/t/
m27 nx.exe mdgu.exe
m27 mdgu.exe http://douban.com/i/fnt/
m20 http://elfagr.org/tsrs/ fva.exe
m22 http://taobao.com/ify/gwcy/k/usqy/iw/mti/ jow.exe
m22 jow.exe v.exe
m24 http://bitly.com/hqge/pk/ nn.exe
m24 nn.exe n.exe
m24 n.exe n.exe
m24 n.exe http://people.com.cn/a/dum/
m24 n.exe dc.exe
m24 nn.exe http://swagbucks.com/tui/a/
m24 n.exe kui.exe
m24 nn.exe http://kijiji.ca/op/
m17 http://timeanddate.com/j/ qf.exe
m17 qf.exe fe.exe
m8 explorer.exe http://google.com
m17 fe.exe http://wordpress.com/d/dbd/
m17 fe.exe twgv.exe
m17 qf.exe http://anitube.se/ogz/fk/
m12 http://google.ae/okr/ dn.exe
m12 dn.exe d.exe
m12 d.exe http://google.pt/zotd/bq/
m3 http://behance.net/fzq/ srjb.exe
m3 srjb.exe n.exe
m3 n.exe htb.exe
m3 srjb.exe k.exe
m3 htb.exe x.exe
m2 http://chaoshi.tmall.com/tyrb/g/m/ y.exe
m2 y.exe kz.exe
m2 y.exe http://google.fr/cn/
m2 kz.exe axxs.exe
m2 axxs.exe aofr.exe
m2 axxs.exe http://google.dk/nzmd/
m15 http://sourceforge.net/aei/ yqrf.exe
m15 yqrf.exe b.exe
m15 yqrf.exe g.exe
m15 b.exe elif.exe
m37 http://statcounter.com/scgr/psjo/ g.exe
m37 g.exe yw.exe
m37 yw.exe http://yandex.ua/vy/ndxw/yo/
m44 http://codecanyon.net/fkq/gvgn/ zyne.exe
m44 zyne.exe mpd.exe
m44 mpd.exe http://bluehost.com/qm/gokr/
m44 mpd.exe b.exe
m44 zyne.exe http://pantip.com/ywsx/
m44 b.exe hi.exe
m44 hi.exe http://indiatimes.com/ojis/bpo/
m45 explorer.exe g.exe
m45 g.exe lspm.exe
m45 g.exe http://avg.com/vd/hakf/hohh/
m45 lspm.exe f.exe
m7 http://woot.com/gjl/ r.exe
m7 r.exe k.exe
m31 http://google.lk/nj/ tt.exe
m31 tt.exe gw.exe
m21 http://ijreview.com/e/vmxe/ chmg.exe
m6 http://ifeng.com/frf/ hqno.exe
m6 hqno.exe l.exe
m41 http://mobtimizer.com/z/z/ b.exe
m41 b.exe bfl.exe
m41 bfl.exe n.exe
m41 n.exe b.exe
m9 http://wellsfargo.com/fo/xyh/ ugwb.exe
m9 ugwb.exe c.exe
m9 c.exe http://verizonwireless.com/uhr/
m9 ugwb.exe fqgg.exe
m9 fqgg.exe http://tabelog.com/ljfk/pl/
m9 ugwb.exe vr.exe
m26 http://github.io/ajw/ cg.exe
m26 cg.exe yuk.exe
m26 yuk.exe y.exe
m26 cg.exe http://google.se/njb/
m26 yuk.exe b.exe
m11 http://medium.com/sf/ fr.exe
m11 fr.exe huel.exe
m11 fr.exe oca.exe
m11 oca.exe http://softonic.com/jd/
m11 http://chinaz.com/hpm/ wr.exe
m11 wr.exe k.exe
m21 http://priceline.com/uyza/iqva/ ae.exe
m21 ae.exe liz.exe
m21 ae.exe http://twitter.com/dt/mypp/z/
m21 ae.exe rsos.exe
m33 http://hatena.ne.jp/utgr/ yg.exe
m33 yg.exe a.exe
m33 a.exe http://lifebuzz.com/yewv/
m33 a.exe wzsx.exe
m33 yg.exe http://google.ae/m/
m33 wzsx.exe u.exe
m33 wzsx.exe http://google.ae/melj/u/
m48 http://asos.com/hrx/p/ f.exe
m45 http://fbcdn.net/h/v/ axf.exe
m45 axf.exe bdm.exe
m42 http://t-online.de/eu/b/ f.exe
m49 http://netteller.com/vvk/eco/ t.exe
m49 t.exe smv.exe
m28 http://yandex.com.tr/np/ b.exe
m28 b.exe kpc.exe
m28 kpc.exe http://wix.com/elgp/
m28 b.exe v.exe
m28 v.exe http://whatsapp.com/jzj/kad/rdr/tuxi/vg/
m28 kpc.exe g.exe
m28 g.exe http://ticketmaster.com/ot/
m19 http://safetracking.net/rl/ wlxn.exe
m19 wlxn.exe z.exe
m19 wlxn.exe http://bomb01.com/upj/hii/
m39 http://hespress.com/mizv/m/nmm/ jwel.exe
m39 jwel.exe s.exe
m39 s.exe bn.exe
m39 bn.exe http://gmx.net/i/ahn/
m32 http://youboy.com/vreu/ lq.exe
m32 lq.exe zy.exe
m32 zy.exe qqcw.exe
m41 http://google.com.br/akdl/hu/gmio/ iiro.exe
m42 http://pantip.com/xln/ lk.exe
m42 lk.exe hd.exe
m42 hd.exe f.exe
m42 hd.exe http://watsons.tmall.com/jfsa/ao/cym/
m42 f.exe kabg.exe
m42 hd.exe http://theladbible.com/w/
m42 hd.exe seuy.exe
m36 http://novinky.cz/lo/ vk.exe
m11 http://priceline.com/z/d/ yzr.exe
m34 http://mit.edu/bxm/evi/ eyyg.exe
m34 eyyg.exe qc.exe
m34 qc.exe http://filmon-ads.com/f/p/ey/
m34 eyyg.exe ftf.exe
m34 eyyg.exe http://vine.co/l/
m34 ftf.exe dlpz.exe
m4 http://freepik.com/bmo/ bklz.exe
m4 bklz.exe dmfk.exe
m4 dmfk.exe http://xbox.com/rt/ekw/z/
m4 bklz.exe h.exe
m9 chrome.exe http://google.com
m37 http://amazon.in/tqo/ unwq.exe
m37 unwq.exe b.exe
m37 unwq.exe adq.exe
m37 adq.exe prr.exe
m37 prr.exe oxvc.exe
m49 http://xnxx.com/a/ r.exe
m49 r.exe m.exe
m49 r.exe d.exe
m19 http://blogspot.com/u/ado/l/ba/eb/w/ glp.exe
m19 glp.exe vi.exe
m19 glp.exe wfr.exe
m19 glp.exe ow.exe
m19 vi.exe http://pagesjaunes.fr/wy/h/
m19 vi.exe nj.exe
m19 nj.exe http://popsugar.com/j/xxg/ufk/lm/
m18 http://list-manage.com/hcf/h/ vse.exe
m18 vse.exe kbah.exe
m18 kbah.exe http://indiatimes.com/t/lfn/
m18 vse.exe tg.exe
m18 vse.exe http://lapatilla.com/wbba/q/
m31 http://custhelp.com/g/ kj.exe
m31 kj.exe mwly.exe
m31 kj.exe http://bloomberg.com/leoz/
m7 http://kinopoisk.ru/sntt/ wzb.exe
m7 wzb.exe ur.exe
m7 wzb.exe http://rapidgator.net/yf/kfed/
m7 ur.exe hhtu.exe
m29 http://sex.com/jeco/ flm.exe
m29 flm.exe ockd.exe
m29 flm.exe http://google.com.tw/bbi/
m41 http://youtube.com/xbw/ utja.exe
m41 utja.exe pr.exe
m41 pr.exe http://google.gr/w/kiel/
m41 utja.exe jg.exe
m46 http://gmw.cn/e/ gh.exe
m46 gh.exe mynd.exe
m13 http://akamaihd.net/m/cptg/ gpo.exe
m29 http://google.com.pk/eo/ oztl.exe
m29 oztl.exe bpt.exe
m29 bpt.exe http://behance.net/y/
m29 oztl.exe zz.exe
m29 bpt.exe tsdi.exe
m29 oztl.exe http://americanexpress.com/upfs/rtsr/
m29 tsdi.exe vic.exe
m29 vic.exe http://tistory.com/dtg/
m49 http://doorblog.jp/r/sy/kdm/ vt.exe
m9 http://www.gov.uk/q/hs/irrp/ g.exe
m9 g.exe qdd.exe
m9 qdd.exe http://gameforge.com/zlcg/
m9 g.exe ibok.exe
m9 ibok.exe cwf.exe
m9 g.exe http://chaturbate.com/gfpm/xr/
m37 http://united.com/yb/a/ sp.exe
m37 sp.exe kec.exe
m37 kec.exe http://digikala.com/zjxy/
m34 http://marketwatch.com/czrc/k/jd/ x.exe
m34 x.exe xu.exe
m48 http://amazon.it/gxh/j/ sbi.exe
m48 sbi.exe epl.exe
m48 epl.exe e.exe
m48 e.exe jn.exe
m13 http://ria.ru/oo/ cgcb.exe
m9 chrome.exe http://google.com
m6 http://mama.cn/c/ ijs.exe
m6 ijs.exe n.exe
m6 ijs.exe xnxp.exe
m6 n.exe a.exe
m6 ijs.exe http://atlassian.net/gsd/s/kh/vhqz/q/
m23 http://atwiki.jp/qdis/ ylv.exe
m23 ylv.exe p.exe
m23 p.exe nkl.exe
m23 nkl.exe http://sahibinden.com/b/
m23 http://ilividnewtab.com/o/gp/ znw.exe
m23 znw.exe cwg.exe
m23 znw.exe hz.exe
m23 znw.exe http://tripadvisor.co.uk/dmj/cpst/
m3 http://staples.com/nuo/r/ ivst.exe
m3 ivst.exe y.exe
m3 y.exe http://citibank.com/zjd/j/
m3 y.exe n.exe
m3 ivst.exe http://yodobashi.com/a/wa/
m1 http://prntscr.com/jy/wp/ n.exe
m1 n.exe blk.exe
m1 blk.exe http://tomshardware.com/x/
m1 blk.exe gpe.exe
m1 blk.exe http://stockstar.com/ub/
m7 http://bloomberg.com/femh/xl/ seql.exe
m7 seql.exe hznm.exe
m7 hznm.exe http://ewt.cc/kvk/
m7 seql.exe ee.exe
m44 http://zol.com.cn/ebx/vu/rpwi/ hdna.exe
m44 hdna.exe fx.exe
m44 hdna.exe http://nate.com/cd/
m44 fx.exe mm.exe
m44 mm.exe http://intoday.in/mvki/dchg/
m44 fx.exe ex.exe
m44 hdna.exe http://digg.com/rhc/
m44 hdna.exe ttuw.exe
m6 http://www.gov.uk/oag/ tv.exe
m6 tv.exe h.exe
m6 tv.exe d.exe
m6 tv.exe mr.exe
m6 tv.exe http://filehippo.com/o/auxd/gfk/h/sf/
m37 http://constantcontact.com/lek/ pgc.exe
m37 pgc.exe rt.exe
m37 rt.exe http://vice.com/i/
m37 pgc.exe byqk.exe
m39 http://ampclicks.com/a/ sl.exe
m39 sl.exe btb.exe
m39 sl.exe http://pixiv.net/egxr/oxgj/
m39 sl.exe zfz.exe
m39 btb.exe http://yahoo.com/woyc/yxs/zzen/
m4 http://google.it/pp/dk/ zp.exe
m4 zp.exe z.exe
m22 http://liveinternet.ru/nqd/plis/ q.exe
m21 http://absoluteclickscom.com/mfv/ gi.exe
m21 gi.exe wyz.exe
m21 gi.exe ehs.exe
m21 gi.exe http://lun.com/tq/r/zfu/snyr/i/
m29 http://deadspin.com/vwfv/ x.exe
m29 x.exe kshq.exe
m29 x.exe http://gmail.com/r/uy/oq/a/ftpi/zq/
m11 http://tripadvisor.co.uk/tmkj/oj/ aw.exe
m11 aw.exe ijg.exe
m11 ijg.exe jxob.exe
m11 ijg.exe http://google.com.ua/c/
m21 http://ibm.com/jxwq/ v.exe
m21 v.exe yrr.exe
m21 yrr.exe e.exe
m17 http://medium.com/n/ w.exe
m17 w.exe lv.exe
m17 lv.exe http://americanexpress.com/nwac/
m17 lv.exe nniu.exe
m38 http://totaladperformance.com/qjz/dtz/ wzxa.exe
m38 wzxa.exe g.exe
m38 g.exe http://amazon.fr/rgca/bc/
m38 wzxa.exe heyd.exe
m38 wzxa.exe http://google.com/ocy/
m38 heyd.exe gnz.exe
m38 g.exe http://blogfa.com/fimg/wj/
m38 gnz.exe gqtp.exe
m33 http://scribd.com/frke/zqfc/j/ ck.exe
m33 ck.exe fl.exe
m33 ck.exe http://xuite.net/qto/
m48 http://gamepedia.com/ihv/ rar.exe
m13 http://moneycontrol.com/x/ ogrt.exe
m13 ogrt.exe dc.exe
m13 ogrt.exe http://verizon.com/v/kxb/
m13 dc.exe g.exe
m13 dc.exe n.exe
m13 dc.exe http://thesaurus.com/bgei/
m43 http://bet365.com/s/bn/s/ ci.exe
m43 ci.exe ih.exe
m43 ci.exe http://hurriyet.com.tr/ibp/
m43 ih.exe lw.exe
m43 ih.exe uhp.exe
m43 uhp.exe http://hupu.com/hbhg/raj/
m43 http://china.com.cn/la/ e.exe
m10 http://google.com qqqqqd.exe
m33 http://sbnation.com/jqwe/wx/kblh/ at.exe
m33 at.exe qyjy.exe
m33 qyjy.exe zooi.exe
m26 http://independent.co.uk/yyoi/dqh/ dp.exe
m26 dp.exe ilp.exe
m26 ilp.exe heo.exe
m14 http://xfinity.com/mtcf/rz/rx/ kzzh.exe
m14 kzzh.exe m.exe
m14 kzzh.exe kdcr.exe
m14 kzzh.exe cpmd.exe
m14 m.exe http://udemy.com/xqq/spf/
m14 cpmd.exe h.exe
m14 kzzh.exe http://thesaurus.com/wy/zvg/wio/bunh/c/
m26 http://life.com.tw/a/gt/gnm/piu/ rw.exe
m26 rw.exe sds.exe
m26 sds.exe vb.exe
m26 sds.exe http://intuit.com/at/iird/
m3 qqqqqh.exe http://google.com
m26 sds.exe jy.exe
m26 sds.exe http://twimg.com/cbc/gcx/bx/
m26 rw.exe rlmz.exe
m26 vb.exe http://nike.com/ezbd/
m26 rlmz.exe tdxh.exe
m26 rw.exe http://babytree.com/jbgv/ap/
m26 vb.exe k.exe
m26 sds.exe http://styletv.com.cn/r/
m15 http://macys.com/w/ ogmu.exe
m15 ogmu.exe rbj.exe
m15 rbj.exe http://bp.blogspot.com/l/qyfv/
m15 ogmu.exe le.exe
m15 rbj.exe http://amazon.de/xbiv/
m48 http://globo.com/ot/ hz.exe
m48 hz.exe uhp.exe
m48 hz.exe http://amazon.de/gaom/cw/
m48 uhp.exe om.exe
m48 om.exe http://ci123.com/n/
m48 hz.exe gmhe.exe
m48 hz.exe http://google.com.pk/c/
m48 om.exe gffz.exe
m48 gmhe.exe http://bleacherreport.com/extq/
m49 http://ganji.com/n/j/ hwtm.exe
m49 hwtm.exe md.exe
m34 http://ign.com/y/ wnxr.exe
m34 wnxr.exe p.exe
m34 p.exe mq.exe
m34 mq.exe l.exe
m34 mq.exe yhy.exe
m41 http://moz.com/abe/yb/uln/ ra.exe
m41 ra.exe uple.exe
m41 ra.exe http://eyny.com/p/
m41 uple.exe s.exe
m41 s.exe http://mercadolivre.com.br/g/
m43 http://appledaily.com.tw/rtww/ bxa.exe
m43 bxa.exe df.exe
m43 bxa.exe http://streamcloud.eu/dtcn/qn/axqx/
m43 df.exe lgn.exe
m43 lgn.exe http://youporn.com/x/gs/
m43 lgn.exe rfbg.exe
m43 bxa.exe http://ehow.com/ser/
m43 lgn.exe cug.exe
m23 http://slideshare.net/er/niv/ jnd.exe
m23 jnd.exe iua.exe
m23 jnd.exe http://360.cn/eaoc/bif/
m18 http://time.com/r/r/iaof/eeh/kjvy/z/ felt.exe
m18 felt.exe wyjh.exe
m18 wyjh.exe http://commentcamarche.net/snu/
m4 http://bluehost.com/msjs/ ifde.exe
m48 http://softonic.com/kdqq/ wfa.exe
m20 http://forbes.com/pkf/ ocnx.exe
m20 ocnx.exe p.exe
m20 p.exe glkn.exe
m20 glkn.exe gf.exe
m26 http://forever21.com/q/jdms/ dmj.exe
m26 dmj.exe axn.exe
m26 axn.exe http://webtretho.com/nps/
m26 dmj.exe e.exe
m26 dmj.exe http://livejasmin.com/ipz/
m10 qqqqqh.exe http://google.com
m5 qqqqqa.exe qqqqqb.exe
m5 explorer.exe qqqqqa.exe
m6 bbbbb.exe http://www.bad.com
m11 ccccc.exe http://www.bad.com
m99 http://www.bad.com qqqqqf.exe
